<?xml version="1.0" encoding="UTF-8"?>
<!-- Generated by org.testng.reporters.JUnitReportReporter -->
<testsuite hostname="ITDVK-DEV0039" failures="0" tests="1" name="EventsTest.EventsTestCasesTest" time="9.725" errors="0" timestamp="2025-01-22T11:35:23 IST" skipped="0">
  <testcase classname="EventsTest.EventsTestCasesTest" name="checkThatUserAbleToVerifyTheEventDetailsTest" time="9.725"/>
  <system-out/>
</testsuite> <!-- EventsTest.EventsTestCasesTest -->
