<?xml version="1.0" encoding="UTF-8"?>
<!-- Generated by org.testng.reporters.JUnitReportReporter -->
<testsuite hostname="ITDVK-DEV0039" failures="0" tests="1" name="MobileApp_ChatTest.CreateChat_Test" time="34.659" errors="0" timestamp="2025-01-18T15:44:20 IST" skipped="0">
  <testcase classname="MobileApp_ChatTest.CreateChat_Test" name="chat_Test" time="34.659"/>
  <system-out/>
</testsuite> <!-- MobileApp_ChatTest.CreateChat_Test -->
