<?xml version="1.0" encoding="UTF-8"?>
<!-- Generated by org.testng.reporters.JUnitReportReporter -->
<testsuite hostname="ITDVK-DEV0039" failures="0" tests="1" name="SettingsTest.ConnectWithUsTest" time="4.795" errors="0" timestamp="2025-01-21T11:19:48 IST" skipped="0">
  <testcase classname="SettingsTest.ConnectWithUsTest" name="checkThatUserAbleToClickOnTheFaceBook_Youtube_InstagramTabsTest" time="4.795"/>
  <system-out/>
</testsuite> <!-- SettingsTest.ConnectWithUsTest -->
